npm verb cli /usr/local/bin/node /usr/local/bin/npm
npm info using npm@9.8.1
npm info using node@v18.18.0
npm verb title npm install
npm verb argv "install" "--legacy-peer-deps" "--loglevel" "verbose"
npm verb logfile logs-max:10 dir:/Users/bairta/.npm/_logs/2023-12-13T02_39_07_069Z-
npm verb logfile /Users/bairta/.npm/_logs/2023-12-13T02_39_07_069Z-debug-0.log
npm http fetch GET 200 https://registry.npmjs.org/browserstack-cypress-cli 562ms (cache revalidated)
npm http fetch GET 200 https://registry.npmjs.org/cypress 415ms (cache revalidated)
npm http fetch GET 200 https://registry.npmjs.org/async 88ms (cache revalidated)
npm http fetch GET 200 https://registry.npmjs.org/glob 171ms (cache revalidated)
npm http fetch GET 200 https://registry.npmjs.org/fs-extra 176ms (cache revalidated)
npm http fetch GET 200 https://registry.npmjs.org/mkdirp 177ms (cache revalidated)
npm http fetch GET 200 https://registry.npmjs.org/archiver 183ms (cache revalidated)
npm http fetch GET 200 https://registry.npmjs.org/chalk 182ms (cache revalidated)
npm http fetch GET 200 https://registry.npmjs.org/update-notifier 180ms (cache revalidated)
npm http fetch GET 200 https://registry.npmjs.org/uuid 195ms (cache revalidated)
npm http fetch GET 200 https://registry.npmjs.org/request 239ms (cache revalidated)
npm http fetch GET 200 https://registry.npmjs.org/yargs 240ms (cache revalidated)
npm http fetch GET 200 https://registry.npmjs.org/cli-progress 274ms (cache revalidated)
npm http fetch GET 200 https://registry.npmjs.org/arch 282ms (cache revalidated)
npm http fetch GET 200 https://registry.npmjs.org/cachedir 312ms (cache revalidated)
npm http fetch GET 200 https://registry.npmjs.org/winston 322ms (cache revalidated)
npm http fetch GET 200 https://registry.npmjs.org/buffer 365ms (cache revalidated)
npm http fetch GET 200 https://registry.npmjs.org/chalk 370ms (cache revalidated)
npm http fetch GET 200 https://registry.npmjs.org/@cypress%2fxvfb 375ms (cache revalidated)
npm http fetch GET 200 https://registry.npmjs.org/@types%2fnode 376ms (cache revalidated)
npm http fetch GET 200 https://registry.npmjs.org/debug 425ms (cache revalidated)
npm http fetch GET 200 https://registry.npmjs.org/blob-util 432ms (cache revalidated)
npm http fetch GET 200 https://registry.npmjs.org/bluebird 435ms (cache revalidated)
npm http fetch GET 200 https://registry.npmjs.org/windows-release 480ms (cache revalidated)
npm http fetch GET 200 https://registry.npmjs.org/enquirer 472ms (cache revalidated)
npm http fetch GET 200 https://registry.npmjs.org/getmac 490ms (cache revalidated)
npm http fetch GET 200 https://registry.npmjs.org/commander 479ms (cache revalidated)
npm http fetch GET 200 https://registry.npmjs.org/git-last-commit 496ms (cache revalidated)
npm http fetch GET 200 https://registry.npmjs.org/mocha 498ms (cache revalidated)
npm http fetch GET 200 https://registry.npmjs.org/fs-extra 513ms (cache revalidated)
npm http fetch GET 200 https://registry.npmjs.org/node-ipc 528ms (cache revalidated)
npm http fetch GET 200 https://registry.npmjs.org/browserstack-local 540ms (cache revalidated)
npm http fetch GET 200 https://registry.npmjs.org/executable 526ms (cache revalidated)
npm http fetch GET 200 https://registry.npmjs.org/execa 541ms (cache revalidated)
npm http fetch GET 200 https://registry.npmjs.org/check-more-types 545ms (cache revalidated)
npm http fetch GET 200 https://registry.npmjs.org/requestretry 560ms (cache revalidated)
npm http fetch GET 200 https://registry.npmjs.org/gitconfiglocal 568ms (cache revalidated)
npm http fetch GET 200 https://registry.npmjs.org/lazy-ass 558ms (cache revalidated)
npm http fetch GET 200 https://registry.npmjs.org/cli-table3 566ms (cache revalidated)
npm http fetch GET 200 https://registry.npmjs.org/table 578ms (cache revalidated)
npm http fetch GET 200 https://registry.npmjs.org/ospath 564ms (cache revalidated)
npm http fetch GET 200 https://registry.npmjs.org/is-ci 599ms (cache revalidated)
npm http fetch GET 200 https://registry.npmjs.org/figures 600ms (cache revalidated)
npm http fetch GET 200 https://registry.npmjs.org/common-tags 603ms (cache revalidated)
npm http fetch GET 200 https://registry.npmjs.org/lodash 597ms (cache revalidated)
npm http fetch GET 200 https://registry.npmjs.org/log-symbols 605ms (cache revalidated)
npm http fetch GET 200 https://registry.npmjs.org/is-installed-globally 616ms (cache revalidated)
npm http fetch GET 200 https://registry.npmjs.org/pretty-bytes 617ms (cache revalidated)
npm http fetch GET 200 https://registry.npmjs.org/dayjs 650ms (cache revalidated)
npm http fetch GET 200 https://registry.npmjs.org/process 645ms (cache revalidated)
npm http fetch GET 200 https://registry.npmjs.org/supports-color 645ms (cache revalidated)
npm http fetch GET 200 https://registry.npmjs.org/semver 646ms (cache revalidated)
npm http fetch GET 200 https://registry.npmjs.org/@types%2fsizzle 661ms (cache revalidated)
npm http fetch GET 200 https://registry.npmjs.org/listr2 652ms (cache revalidated)
npm http fetch GET 200 https://registry.npmjs.org/tmp 660ms (cache revalidated)
npm http fetch GET 200 https://registry.npmjs.org/yauzl 698ms (cache revalidated)
npm http fetch GET 200 https://registry.npmjs.org/request-progress 701ms (cache revalidated)
npm http fetch GET 200 https://registry.npmjs.org/proxy-from-env 701ms (cache revalidated)
npm http fetch GET 200 https://registry.npmjs.org/untildify 699ms (cache revalidated)
npm http fetch GET 200 https://registry.npmjs.org/minimist 710ms (cache revalidated)
npm http fetch GET 200 https://registry.npmjs.org/cli-cursor 864ms (cache revalidated)
npm http fetch GET 200 https://registry.npmjs.org/@types%2fsinonjs__fake-timers 902ms (cache revalidated)
npm http fetch GET 200 https://registry.npmjs.org/decompress 915ms (cache revalidated)
npm http fetch GET 200 https://registry.npmjs.org/eventemitter2 908ms (cache revalidated)
npm http fetch GET 200 https://registry.npmjs.org/extract-zip 912ms (cache revalidated)
npm http fetch GET 200 https://registry.npmjs.org/getos 917ms (cache revalidated)
npm http fetch GET 200 https://registry.npmjs.org/git-repo-info 1046ms (cache revalidated)
npm http fetch GET 200 https://registry.npmjs.org/@cypress%2frequest 1103ms (cache revalidated)
npm http fetch GET 200 https://registry.npmjs.org/is-running 117ms (cache revalidated)
npm http fetch GET 200 https://registry.npmjs.org/readdir-glob 120ms (cache revalidated)
npm http fetch GET 200 https://registry.npmjs.org/agent-base 120ms (cache revalidated)
npm http fetch GET 200 https://registry.npmjs.org/buffer-crc32 125ms (cache revalidated)
npm http fetch GET 200 https://registry.npmjs.org/https-proxy-agent 127ms (cache revalidated)
npm http fetch GET 200 https://registry.npmjs.org/graceful-fs 121ms (cache revalidated)
npm http fetch GET 200 https://registry.npmjs.org/make-dir 127ms (cache revalidated)
npm http fetch GET 200 https://registry.npmjs.org/ansi-styles 132ms (cache revalidated)
npm http fetch GET 200 https://registry.npmjs.org/readable-stream 138ms (cache revalidated)
npm http fetch GET 200 https://registry.npmjs.org/inflight 148ms (cache revalidated)
npm http fetch GET 200 https://registry.npmjs.org/ini 151ms (cache revalidated)
npm http fetch GET 200 https://registry.npmjs.org/fs.realpath 156ms (cache revalidated)
npm http fetch GET 200 https://registry.npmjs.org/inherits 160ms (cache revalidated)
npm http fetch GET 200 https://registry.npmjs.org/diff 155ms (cache revalidated)
npm http fetch GET 200 https://registry.npmjs.org/path-is-absolute 187ms (cache revalidated)
npm http fetch GET 200 https://registry.npmjs.org/ps-tree 204ms (cache revalidated)
npm http fetch GET 200 https://registry.npmjs.org/jsonfile 200ms (cache revalidated)
npm http fetch GET 200 https://registry.npmjs.org/decompress-tarbz2 211ms (cache revalidated)
npm http fetch GET 200 https://registry.npmjs.org/graceful-fs 229ms (cache revalidated)
npm http fetch GET 200 https://registry.npmjs.org/decompress-tar 257ms (cache revalidated)
npm http fetch GET 200 https://registry.npmjs.org/find-up 247ms (cache revalidated)
npm http fetch GET 200 https://registry.npmjs.org/pify 266ms (cache revalidated)
npm http fetch GET 200 https://registry.npmjs.org/nanoid 255ms (cache revalidated)
npm http fetch GET 200 https://registry.npmjs.org/tar-stream 279ms (cache revalidated)
npm http fetch GET 200 https://registry.npmjs.org/chokidar 271ms (cache revalidated)
npm http fetch GET 200 https://registry.npmjs.org/minimatch 279ms (cache revalidated)
npm http fetch GET 200 https://registry.npmjs.org/universalify 306ms (cache revalidated)
npm http fetch GET 200 https://registry.npmjs.org/once 299ms (cache revalidated)
npm http fetch GET 200 https://registry.npmjs.org/yargs-parser 318ms (cache revalidated)
npm http fetch GET 200 https://registry.npmjs.org/minimatch 331ms (cache revalidated)
npm http fetch GET 200 https://registry.npmjs.org/forever-agent 361ms (cache revalidated)
npm http fetch GET 200 https://registry.npmjs.org/string-width 383ms (cache revalidated)
npm http fetch GET 200 https://registry.npmjs.org/yargs-unparser 392ms (cache revalidated)
npm http fetch GET 200 https://registry.npmjs.org/archiver-utils 448ms (cache revalidated)
npm http fetch GET 200 https://registry.npmjs.org/js-message 421ms (cache revalidated)
npm http fetch GET 200 https://registry.npmjs.org/he 433ms (cache revalidated)
npm http fetch GET 200 https://registry.npmjs.org/temp-fs 453ms (cache revalidated)
npm http fetch GET 200 https://registry.npmjs.org/zip-stream 462ms (cache revalidated)
npm http fetch GET 200 https://registry.npmjs.org/strip-json-comments 446ms (cache revalidated)
npm http fetch GET 200 https://registry.npmjs.org/decompress-targz 480ms (cache revalidated)
npm http fetch GET 200 https://registry.npmjs.org/workerpool 464ms (cache revalidated)
npm http fetch GET 200 https://registry.npmjs.org/extend 464ms (cache revalidated)
npm http fetch GET 200 https://registry.npmjs.org/aws4 469ms (cache revalidated)
npm http fetch GET 200 https://registry.npmjs.org/aws-sign2 482ms (cache revalidated)
npm http fetch GET 200 https://registry.npmjs.org/form-data 482ms (cache revalidated)
npm http fetch GET 200 https://registry.npmjs.org/decompress-unzip 502ms (cache revalidated)
npm http fetch GET 200 https://registry.npmjs.org/escape-string-regexp 490ms (cache revalidated)
npm http fetch GET 200 https://registry.npmjs.org/har-validator 515ms (cache revalidated)
npm http fetch GET 200 https://registry.npmjs.org/qs 515ms (cache revalidated)
npm http fetch GET 200 https://registry.npmjs.org/combined-stream 522ms (cache revalidated)
npm http fetch GET 200 https://registry.npmjs.org/browser-stdout 533ms (cache revalidated)
npm http fetch GET 200 https://registry.npmjs.org/json-stringify-safe 533ms (cache revalidated)
npm http fetch GET 200 https://registry.npmjs.org/http-signature 542ms (cache revalidated)
npm http fetch GET 200 https://registry.npmjs.org/oauth-sign 541ms (cache revalidated)
npm http fetch GET 200 https://registry.npmjs.org/ansi-colors 554ms (cache revalidated)
npm http fetch GET 200 https://registry.npmjs.org/tunnel-agent 541ms (cache revalidated)
npm http fetch GET 200 https://registry.npmjs.org/mime-types 561ms (cache revalidated)
npm http fetch GET 200 https://registry.npmjs.org/js-yaml 571ms (cache revalidated)
npm http fetch GET 200 https://registry.npmjs.org/strip-dirs 587ms (cache revalidated)
npm http fetch GET 200 https://registry.npmjs.org/is-typedarray 572ms (cache revalidated)
npm http fetch GET 200 https://registry.npmjs.org/tough-cookie 570ms (cache revalidated)
npm http fetch GET 200 https://registry.npmjs.org/safe-buffer 575ms (cache revalidated)
npm http fetch GET 200 https://registry.npmjs.org/string-width 585ms (cache revalidated)
npm http fetch GET 200 https://registry.npmjs.org/isstream 596ms (cache revalidated)
npm http fetch GET 200 https://registry.npmjs.org/latest-version 590ms (cache revalidated)
npm http fetch GET 200 https://registry.npmjs.org/import-lazy 613ms (cache revalidated)
npm http fetch GET 200 https://registry.npmjs.org/slice-ansi 616ms (cache revalidated)
npm http fetch GET 200 https://registry.npmjs.org/ms 648ms (cache revalidated)
npm http fetch GET 200 https://registry.npmjs.org/serialize-javascript 664ms (cache revalidated)
npm http fetch GET 200 https://registry.npmjs.org/boxen 652ms (cache revalidated)
npm http fetch GET 200 https://registry.npmjs.org/isstream 650ms (cache revalidated)
npm http fetch GET 200 https://registry.npmjs.org/find-up 648ms (cache revalidated)
npm http fetch GET 200 https://registry.npmjs.org/event-pubsub 685ms (cache revalidated)
npm http fetch GET 200 https://registry.npmjs.org/require-main-filename 684ms (cache revalidated)
npm http fetch GET 200 https://registry.npmjs.org/extend 698ms (cache revalidated)
npm http fetch GET 200 https://registry.npmjs.org/xdg-basedir 752ms (cache revalidated)
npm http fetch GET 200 https://registry.npmjs.org/get-caller-file 751ms (cache revalidated)
npm http fetch GET 200 https://registry.npmjs.org/ajv 763ms (cache revalidated)
npm http fetch GET 200 https://registry.npmjs.org/cliui 759ms (cache revalidated)
npm http fetch GET 200 https://registry.npmjs.org/colors 784ms (cache revalidated)
npm http fetch GET 200 https://registry.npmjs.org/js-queue 804ms (cache revalidated)
npm http fetch GET 200 https://registry.npmjs.org/which-module 792ms (cache revalidated)
npm http fetch GET 200 https://registry.npmjs.org/semver-diff 800ms (cache revalidated)
npm http fetch GET 200 https://registry.npmjs.org/caseless 812ms (cache revalidated)
npm http fetch GET 200 https://registry.npmjs.org/yargs-parser 803ms (cache revalidated)
npm http fetch GET 200 https://registry.npmjs.org/require-directory 817ms (cache revalidated)
npm http fetch GET 200 https://registry.npmjs.org/decamelize 835ms (cache revalidated)
npm http fetch GET 200 https://registry.npmjs.org/y18n 835ms (cache revalidated)
npm http fetch GET 200 https://registry.npmjs.org/performance-now 858ms (cache revalidated)
npm http fetch GET 200 https://registry.npmjs.org/set-blocking 851ms (cache revalidated)
npm http fetch GET 200 https://registry.npmjs.org/configstore 910ms (cache revalidated)
npm http fetch GET 200 https://registry.npmjs.org/has-yarn 941ms (cache revalidated)
npm http fetch GET 200 https://registry.npmjs.org/pupa 963ms (cache revalidated)
npm http fetch GET 200 https://registry.npmjs.org/is-yarn-global 965ms (cache revalidated)
npm http fetch GET 200 https://registry.npmjs.org/is-npm 970ms (cache revalidated)
npm http fetch GET 200 https://registry.npmjs.org/eyes 1018ms (cache revalidated)
npm http fetch GET 200 https://registry.npmjs.org/cycle 1035ms (cache revalidated)
npm http fetch GET 200 https://registry.npmjs.org/stack-trace 1130ms (cache revalidated)
npm http fetch GET 200 https://registry.npmjs.org/util-deprecate 105ms (cache revalidated)
npm http fetch GET 200 https://registry.npmjs.org/normalize-path 111ms (cache revalidated)
npm http fetch GET 200 https://registry.npmjs.org/end-of-stream 104ms (cache revalidated)
npm http fetch GET 200 https://registry.npmjs.org/lodash.union 113ms (cache revalidated)
npm http fetch GET 200 https://registry.npmjs.org/bl 105ms (cache revalidated)
npm http fetch GET 200 https://registry.npmjs.org/string_decoder 110ms (cache revalidated)
npm http fetch GET 200 https://registry.npmjs.org/compress-commons 106ms (cache revalidated)
npm http fetch GET 200 https://registry.npmjs.org/lodash.isplainobject 117ms (cache revalidated)
npm http fetch GET 200 https://registry.npmjs.org/fs-constants 109ms (cache revalidated)
npm http fetch GET 200 https://registry.npmjs.org/lodash.difference 403ms (cache revalidated)
npm http fetch GET 200 https://registry.npmjs.org/lazystream 419ms (cache revalidated)
npm http fetch GET 200 https://registry.npmjs.org/lodash.flatten 435ms (cache revalidated)
npm http fetch GET 200 https://registry.npmjs.org/lodash.defaults 454ms (cache revalidated)
npm http fetch GET 200 https://registry.npmjs.org/process-nextick-args 54ms (cache revalidated)
npm http fetch GET 200 https://registry.npmjs.org/isarray 60ms (cache revalidated)
npm http fetch GET 200 https://registry.npmjs.org/core-util-is 61ms (cache revalidated)
npm http fetch GET 200 https://registry.npmjs.org/rimraf 71ms (cache revalidated)
npm http fetch GET 200 https://registry.npmjs.org/event-stream 159ms (cache revalidated)
npm http fetch GET 200 https://registry.npmjs.org/has-flag 51ms (cache revalidated)
npm http fetch GET 200 https://registry.npmjs.org/color-convert 59ms (cache revalidated)
npm http fetch GET 200 https://registry.npmjs.org/color-name 71ms (cache revalidated)
npm http fetch GET 200 https://registry.npmjs.org/strip-ansi 58ms (cache revalidated)
npm http fetch GET 200 https://registry.npmjs.org/is-fullwidth-code-point 62ms (cache revalidated)
npm http fetch GET 200 https://registry.npmjs.org/emoji-regex 64ms (cache revalidated)
npm http fetch GET 200 https://registry.npmjs.org/lodash.once 82ms (cache revalidated)
npm http fetch GET 200 https://registry.npmjs.org/signal-exit 72ms (cache revalidated)
npm http fetch GET 200 https://registry.npmjs.org/ci-info 68ms (cache revalidated)
npm http fetch GET 200 https://registry.npmjs.org/human-signals 80ms (cache revalidated)
npm http fetch GET 200 https://registry.npmjs.org/undici-types 88ms (cache revalidated)
npm http fetch GET 200 https://registry.npmjs.org/global-dirs 74ms (cache revalidated)
npm http fetch GET 200 https://registry.npmjs.org/get-stream 81ms (cache revalidated)
npm http fetch GET 200 https://registry.npmjs.org/restore-cursor 85ms (cache revalidated)
npm http fetch GET 200 https://registry.npmjs.org/strip-final-newline 90ms (cache revalidated)
npm http fetch GET 200 https://registry.npmjs.org/npm-run-path 91ms (cache revalidated)
npm http fetch GET 200 https://registry.npmjs.org/is-stream 91ms (cache revalidated)
npm http fetch GET 200 https://registry.npmjs.org/is-path-inside 86ms (cache revalidated)
npm http fetch GET 200 https://registry.npmjs.org/onetime 92ms (cache revalidated)
npm http fetch GET 200 https://registry.npmjs.org/cross-spawn 93ms (cache revalidated)
npm http fetch GET 200 https://registry.npmjs.org/merge-stream 92ms (cache revalidated)
npm http fetch GET 200 https://registry.npmjs.org/ieee754 118ms (cache revalidated)
npm http fetch GET 200 https://registry.npmjs.org/rfdc 110ms (cache revalidated)
npm http fetch GET 200 https://registry.npmjs.org/rxjs 110ms (cache revalidated)
npm http fetch GET 200 https://registry.npmjs.org/cli-truncate 140ms (cache revalidated)
npm http fetch GET 200 https://registry.npmjs.org/get-stream 151ms (cache revalidated)
npm http fetch GET 200 https://registry.npmjs.org/throttleit 142ms (cache revalidated)
npm http fetch GET 200 https://registry.npmjs.org/colorette 147ms (cache revalidated)
npm http fetch GET 200 https://registry.npmjs.org/p-map 147ms (cache revalidated)
npm http fetch GET 200 https://registry.npmjs.org/is-unicode-supported 143ms (cache revalidated)
npm http fetch GET 200 https://registry.npmjs.org/lru-cache 142ms (cache revalidated)
npm http fetch GET 200 https://registry.npmjs.org/through 148ms (cache revalidated)
npm http fetch GET 200 https://registry.npmjs.org/@types%2fyauzl 155ms (cache revalidated)
npm http fetch GET 200 https://registry.npmjs.org/log-update 157ms (cache revalidated)
npm http fetch GET 200 https://registry.npmjs.org/wrap-ansi 244ms (cache revalidated)
npm http fetch GET 200 https://registry.npmjs.org/base64-js 509ms (cache revalidated)
npm http fetch GET 200 https://registry.npmjs.org/fd-slicer 504ms (cache revalidated)
npm http fetch GET 200 https://registry.npmjs.org/at-least-node 517ms (cache revalidated)
npm http fetch GET 200 https://registry.npmjs.org/@colors%2fcolors 665ms (cache revalidated)
npm http fetch GET 200 https://registry.npmjs.org/sshpk 62ms (cache revalidated)
npm http fetch GET 200 https://registry.npmjs.org/assert-plus 64ms (cache revalidated)
npm http fetch GET 200 https://registry.npmjs.org/url-parse 62ms (cache revalidated)
npm http fetch GET 200 https://registry.npmjs.org/jsprim 74ms (cache revalidated)
npm http fetch GET 200 https://registry.npmjs.org/punycode 65ms (cache revalidated)
npm http fetch GET 200 https://registry.npmjs.org/mime-db 72ms (cache revalidated)
npm http fetch GET 200 https://registry.npmjs.org/side-channel 69ms (cache revalidated)
npm http fetch GET 200 https://registry.npmjs.org/asynckit 78ms (cache revalidated)
npm http fetch GET 200 https://registry.npmjs.org/delayed-stream 419ms (cache revalidated)
npm http fetch GET 200 https://registry.npmjs.org/psl 414ms (cache revalidated)
npm http fetch GET 200 https://registry.npmjs.org/file-type 67ms (cache revalidated)
npm http fetch GET 200 https://registry.npmjs.org/file-type 179ms (cache revalidated)
npm http fetch GET 200 https://registry.npmjs.org/seek-bzip 394ms (cache revalidated)
npm http fetch GET 200 https://registry.npmjs.org/file-type 403ms (cache revalidated)
npm http fetch GET 200 https://registry.npmjs.org/unbzip2-stream 408ms (cache revalidated)
npm http fetch GET 200 https://registry.npmjs.org/is-natural-number 435ms (cache revalidated)
npm http fetch GET 200 https://registry.npmjs.org/to-buffer 63ms (cache revalidated)
npm http fetch GET 200 https://registry.npmjs.org/buffer-alloc 72ms (cache revalidated)
npm http fetch GET 200 https://registry.npmjs.org/xtend 383ms (cache revalidated)
npm http fetch GET 200 https://registry.npmjs.org/pinkie-promise 52ms (cache revalidated)
npm http fetch GET 200 https://registry.npmjs.org/object-assign 58ms (cache revalidated)
npm http fetch GET 200 https://registry.npmjs.org/ansi-regex 64ms (cache revalidated)
npm http fetch GET 200 https://registry.npmjs.org/mimic-fn 54ms (cache revalidated)
npm http fetch GET 200 https://registry.npmjs.org/pump 71ms (cache revalidated)
npm http fetch GET 200 https://registry.npmjs.org/which 75ms (cache revalidated)
npm http fetch GET 200 https://registry.npmjs.org/path-key 81ms (cache revalidated)
npm http fetch GET 200 https://registry.npmjs.org/path-key 74ms (cache revalidated)
npm http fetch GET 200 https://registry.npmjs.org/shebang-command 390ms (cache revalidated)
npm http fetch GET 200 https://registry.npmjs.org/isexe 70ms (cache revalidated)
npm http fetch GET 200 https://registry.npmjs.org/shebang-regex 78ms (cache revalidated)
npm http fetch GET 200 https://registry.npmjs.org/pinkie 385ms (cache revalidated)
npm http fetch GET 200 https://registry.npmjs.org/brace-expansion 62ms (cache revalidated)
npm http fetch GET 200 https://registry.npmjs.org/wrappy 83ms (cache revalidated)
npm http fetch GET 200 https://registry.npmjs.org/getpass 69ms (cache revalidated)
npm http fetch GET 200 https://registry.npmjs.org/tweetnacl 67ms (cache revalidated)
npm http fetch GET 200 https://registry.npmjs.org/ecc-jsbn 66ms (cache revalidated)
npm http fetch GET 200 https://registry.npmjs.org/verror 78ms (cache revalidated)
npm http fetch GET 200 https://registry.npmjs.org/safer-buffer 72ms (cache revalidated)
npm http fetch GET 200 https://registry.npmjs.org/jsbn 72ms (cache revalidated)
npm http fetch GET 200 https://registry.npmjs.org/json-schema 82ms (cache revalidated)
npm http fetch GET 200 https://registry.npmjs.org/dashdash 79ms (cache revalidated)
npm http fetch GET 200 https://registry.npmjs.org/extsprintf 175ms (cache revalidated)
npm http fetch GET 200 https://registry.npmjs.org/bcrypt-pbkdf 162ms (cache revalidated)
npm http fetch GET 200 https://registry.npmjs.org/asn1 379ms (cache revalidated)
npm http fetch GET 200 https://registry.npmjs.org/ansi-escapes 50ms (cache revalidated)
npm http fetch GET 200 https://registry.npmjs.org/tslib 52ms (cache revalidated)
npm http fetch GET 200 https://registry.npmjs.org/aggregate-error 54ms (cache revalidated)
npm http fetch GET 200 https://registry.npmjs.org/astral-regex 426ms (cache revalidated)
npm http fetch GET 200 https://registry.npmjs.org/type-fest 65ms (cache revalidated)
npm http fetch GET 200 https://registry.npmjs.org/concat-map 66ms (cache revalidated)
npm http fetch GET 200 https://registry.npmjs.org/balanced-match 69ms (cache revalidated)
npm http fetch GET 200 https://registry.npmjs.org/glob-parent 63ms (cache revalidated)
npm http fetch GET 200 https://registry.npmjs.org/path-exists 72ms (cache revalidated)
npm http fetch GET 200 https://registry.npmjs.org/is-glob 75ms (cache revalidated)
npm http fetch GET 200 https://registry.npmjs.org/argparse 71ms (cache revalidated)
npm http fetch GET 200 https://registry.npmjs.org/fsevents 75ms (cache revalidated)
npm http fetch GET 200 https://registry.npmjs.org/camelcase 65ms (cache revalidated)
npm http fetch GET 200 https://registry.npmjs.org/escalade 70ms (cache revalidated)
npm http fetch GET 200 https://registry.npmjs.org/readdirp 79ms (cache revalidated)
npm http fetch GET 200 https://registry.npmjs.org/locate-path 78ms (cache revalidated)
npm http fetch GET 200 https://registry.npmjs.org/anymatch 83ms (cache revalidated)
npm http fetch GET 200 https://registry.npmjs.org/randombytes 75ms (cache revalidated)
npm http fetch GET 200 https://registry.npmjs.org/braces 87ms (cache revalidated)
npm http fetch GET 200 https://registry.npmjs.org/is-plain-obj 373ms (cache revalidated)
npm http fetch GET 200 https://registry.npmjs.org/flat 387ms (cache revalidated)
npm http fetch GET 200 https://registry.npmjs.org/is-binary-path 402ms (cache revalidated)
npm http fetch GET 200 https://registry.npmjs.org/fill-range 58ms (cache revalidated)
npm http fetch GET 200 https://registry.npmjs.org/is-extglob 56ms (cache revalidated)
npm http fetch GET 200 https://registry.npmjs.org/binary-extensions 59ms (cache revalidated)
npm http fetch GET 200 https://registry.npmjs.org/picomatch 77ms (cache revalidated)
npm http fetch GET 200 https://registry.npmjs.org/picomatch 67ms (cache revalidated)
npm http fetch GET 200 https://registry.npmjs.org/to-regex-range 61ms (cache revalidated)
npm http fetch GET 200 https://registry.npmjs.org/is-number 54ms (cache revalidated)
npm http fetch GET 200 https://registry.npmjs.org/p-locate 53ms (cache revalidated)
npm http fetch GET 200 https://registry.npmjs.org/p-limit 63ms (cache revalidated)
npm http fetch GET 200 https://registry.npmjs.org/easy-stack 383ms (cache revalidated)
npm http fetch GET 200 https://registry.npmjs.org/yocto-queue 72ms (cache revalidated)
npm http fetch GET 200 https://registry.npmjs.org/indent-string 73ms (cache revalidated)
npm http fetch GET 200 https://registry.npmjs.org/clean-stack 77ms (cache revalidated)
npm http fetch GET 200 https://registry.npmjs.org/map-stream 70ms (cache revalidated)
npm http fetch GET 200 https://registry.npmjs.org/from 85ms (cache revalidated)
npm http fetch GET 200 https://registry.npmjs.org/pause-stream 83ms (cache revalidated)
npm http fetch GET 200 https://registry.npmjs.org/split 84ms (cache revalidated)
npm http fetch GET 200 https://registry.npmjs.org/duplexer 398ms (cache revalidated)
npm http fetch GET 200 https://registry.npmjs.org/stream-combiner 418ms (cache revalidated)
npm http fetch GET 200 https://registry.npmjs.org/object-inspect 69ms (cache revalidated)
npm http fetch GET 200 https://registry.npmjs.org/get-intrinsic 75ms (cache revalidated)
npm http fetch GET 200 https://registry.npmjs.org/call-bind 83ms (cache revalidated)
npm http fetch GET 200 https://registry.npmjs.org/har-schema 412ms (cache revalidated)
npm http fetch GET 200 https://registry.npmjs.org/json-schema-traverse 62ms (cache revalidated)
npm http fetch GET 200 https://registry.npmjs.org/uri-js 62ms (cache revalidated)
npm http fetch GET 200 https://registry.npmjs.org/fast-deep-equal 71ms (cache revalidated)
npm http fetch GET 200 https://registry.npmjs.org/fast-json-stable-stringify 437ms (cache revalidated)
npm http fetch GET 200 https://registry.npmjs.org/yallist 58ms (cache revalidated)
npm http fetch GET 200 https://registry.npmjs.org/hasown 51ms (cache revalidated)
npm http fetch GET 200 https://registry.npmjs.org/function-bind 60ms (cache revalidated)
npm http fetch GET 200 https://registry.npmjs.org/set-function-length 60ms (cache revalidated)
npm http fetch GET 200 https://registry.npmjs.org/has-proto 59ms (cache revalidated)
npm http fetch GET 200 https://registry.npmjs.org/has-symbols 60ms (cache revalidated)
npm http fetch GET 200 https://registry.npmjs.org/gopd 53ms (cache revalidated)
npm http fetch GET 200 https://registry.npmjs.org/define-data-property 62ms (cache revalidated)
npm http fetch GET 200 https://registry.npmjs.org/has-property-descriptors 405ms (cache revalidated)
npm http fetch GET 200 https://registry.npmjs.org/querystringify 60ms (cache revalidated)
npm http fetch GET 200 https://registry.npmjs.org/requires-port 86ms (cache revalidated)
npm http fetch GET 200 https://registry.npmjs.org/ansi-align 64ms (cache revalidated)
npm http fetch GET 200 https://registry.npmjs.org/dot-prop 61ms (cache revalidated)
npm http fetch GET 200 https://registry.npmjs.org/cli-boxes 64ms (cache revalidated)
npm http fetch GET 200 https://registry.npmjs.org/package-json 58ms (cache revalidated)
npm http fetch GET 200 https://registry.npmjs.org/write-file-atomic 63ms (cache revalidated)
npm http fetch GET 200 https://registry.npmjs.org/unique-string 68ms (cache revalidated)
npm http fetch GET 200 https://registry.npmjs.org/widest-line 98ms (cache revalidated)
npm http fetch GET 200 https://registry.npmjs.org/escape-goat 402ms (cache revalidated)
npm http fetch GET 200 https://registry.npmjs.org/imurmurhash 58ms (cache revalidated)
npm http fetch GET 200 https://registry.npmjs.org/typedarray-to-buffer 61ms (cache revalidated)
npm http fetch GET 200 https://registry.npmjs.org/crypto-random-string 378ms (cache revalidated)
npm http fetch GET 200 https://registry.npmjs.org/is-obj 390ms (cache revalidated)
npm http fetch GET 200 https://registry.npmjs.org/registry-url 75ms (cache revalidated)
npm http fetch GET 200 https://registry.npmjs.org/registry-auth-token 77ms (cache revalidated)
npm http fetch GET 200 https://registry.npmjs.org/got 80ms (cache revalidated)
npm http fetch GET 200 https://registry.npmjs.org/rc 50ms (cache revalidated)
npm http fetch GET 200 https://registry.npmjs.org/duplexer3 57ms (cache revalidated)
npm http fetch GET 200 https://registry.npmjs.org/decompress-response 59ms (cache revalidated)
npm http fetch GET 200 https://registry.npmjs.org/rc 58ms (cache revalidated)
npm http fetch GET 200 https://registry.npmjs.org/mimic-response 126ms (cache revalidated)
npm http fetch GET 200 https://registry.npmjs.org/to-readable-stream 368ms (cache revalidated)
npm http fetch GET 200 https://registry.npmjs.org/p-cancelable 381ms (cache revalidated)
npm http fetch GET 200 https://registry.npmjs.org/lowercase-keys 385ms (cache revalidated)
npm http fetch GET 200 https://registry.npmjs.org/url-parse-lax 402ms (cache revalidated)
npm http fetch GET 200 https://registry.npmjs.org/cacheable-request 409ms (cache revalidated)
npm http fetch GET 200 https://registry.npmjs.org/@sindresorhus%2fis 742ms (cache revalidated)
npm http fetch GET 200 https://registry.npmjs.org/@szmarczak%2fhttp-timer 836ms (cache revalidated)
npm http fetch GET 200 https://registry.npmjs.org/clone-response 71ms (cache revalidated)
npm http fetch GET 200 https://registry.npmjs.org/prepend-http 64ms (cache revalidated)
npm http fetch GET 200 https://registry.npmjs.org/normalize-url 422ms (cache revalidated)
npm http fetch GET 200 https://registry.npmjs.org/http-cache-semantics 428ms (cache revalidated)
npm http fetch GET 200 https://registry.npmjs.org/keyv 427ms (cache revalidated)
npm http fetch GET 200 https://registry.npmjs.org/defer-to-connect 434ms (cache revalidated)
npm http fetch GET 200 https://registry.npmjs.org/responselike 450ms (cache revalidated)
npm http fetch GET 200 https://registry.npmjs.org/json-buffer 57ms (cache revalidated)
npm http fetch GET 200 https://registry.npmjs.org/deep-extend 52ms (cache revalidated)
npm http fetch GET 200 https://registry.npmjs.org/pend 417ms (cache revalidated)
npm http fetch GET 200 https://registry.npmjs.org/crc32-stream 67ms (cache revalidated)
npm http fetch GET 200 https://registry.npmjs.org/crc-32 54ms (cache revalidated)
npm http fetch GET 200 https://registry.npmjs.org/buffer-fill 58ms (cache revalidated)
npm http fetch GET 200 https://registry.npmjs.org/buffer-alloc-unsafe 60ms (cache revalidated)
npm http fetch GET 200 https://registry.npmjs.org/p-try 54ms (cache revalidated)
npm http fetch POST 200 https://registry.npmjs.org/-/npm/v1/security/advisories/bulk 287ms
npm WARN deprecated har-validator@5.1.5: this library is no longer supported
npm WARN deprecated uuid@3.4.0: Please upgrade  to version 7 or higher.  Older versions may use Math.random() in certain circumstances, which is known to be problematic.  See https://v8.dev/blog/math-random for details.
npm WARN deprecated request@2.88.2: request has been deprecated, see https://github.com/request/request/issues/3142
npm info run cypress@13.6.1 postinstall node_modules/cypress node index.js --exec install
npm info run cypress@13.6.1 postinstall { code: 0, signal: null }

added 450 packages, and audited 451 packages in 16s

66 packages are looking for funding
  run `npm fund` for details

7 moderate severity vulnerabilities

To address all issues (including breaking changes), run:
  npm audit fix --force

Run `npm audit` for details.
npm verb exit 0
npm info ok 
